<?xml version="1.0" encoding="UTF-8"?>
<!-- Generated by org.testng.reporters.JUnitReportReporter -->
<testsuite hostname="DESKTOP-TIC5DM4" failures="0" tests="5" name="TestRunner.TestRunner" time="7.815" errors="0" timestamp="2024-09-04T11:55:13 IST" skipped="0">
  <testcase classname="TestRunner.TestRunner" name="runScenario" time="1.033"/>
  <testcase classname="TestRunner.TestRunner" name="runScenario" time="1.226"/>
  <testcase classname="TestRunner.TestRunner" name="runScenario" time="0.291"/>
  <testcase classname="TestRunner.TestRunner" name="runScenario" time="1.052"/>
  <testcase classname="TestRunner.TestRunner" name="runScenario" time="4.213"/>
</testsuite> <!-- TestRunner.TestRunner -->
